<?xml version="1.0" encoding="UTF-8"?>
<!-- Generated by org.testng.reporters.JUnitXMLReporter -->
<testsuite hostname="BDC6-DX-6BF8NK2" ignored="3" name="Test1" tests="1" failures="0" timestamp="22 Oct 2019 07:22:02 GMT" time="0.015" errors="0">
  <testcase name="test1" time="0.003" classname="Simple.SimpleTest.TestNg7"/>
  <testcase name="testExcel" time="0.0" classname="Simple.SimpleTest.Test4">
    <ignored/>
  </testcase> <!-- testExcel -->
  <testcase name="test2" time="0.0" classname="Simple.SimpleTest.TestNg7">
    <ignored/>
  </testcase> <!-- test2 -->
  <testcase name="test3" time="0.0" classname="Simple.SimpleTest.TestNg7">
    <ignored/>
  </testcase> <!-- test3 -->
</testsuite> <!-- Test1 -->
