<?xml version="1.0" encoding="UTF-8"?>
<!-- Generated by org.testng.reporters.JUnitXMLReporter -->
<testsuite hostname="BDC6-DX-6BF8NK2" ignored="2" name="Test" tests="2" failures="0" timestamp="22 Oct 2019 07:23:56 GMT" time="0.074" errors="0">
  <testcase name="test2" time="0.016" classname="Simple.SimpleTest.TestNg7"/>
  <testcase name="test3" time="0.003" classname="Simple.SimpleTest.TestNg7"/>
  <testcase name="testExcel" time="0.0" classname="Simple.SimpleTest.Test4">
    <ignored/>
  </testcase> <!-- testExcel -->
  <testcase name="test1" time="0.0" classname="Simple.SimpleTest.TestNg7">
    <ignored/>
  </testcase> <!-- test1 -->
</testsuite> <!-- Test -->
